{"/Users/AndrewThurgood/Development/AndyThurgood_InfinityWorks/Client/src/app.ts": {"path":"/Users/AndrewThurgood/Development/AndyThurgood_InfinityWorks/Client/src/app.ts","statementMap":{"0":{"start":{"line":2,"column":0},"end":{"line":2,"column":36}},"1":{"start":{"line":5,"column":0},"end":{"line":null,"column":-1}},"2":{"start":{"line":8,"column":9},"end":{"line":20,"column":3}},"3":{"start":{"line":9,"column":4},"end":{"line":19,"column":5}},"4":{"start":{"line":10,"column":6},"end":{"line":10,"column":21}},"5":{"start":{"line":15,"column":6},"end":{"line":15,"column":20}},"6":{"start":{"line":18,"column":6},"end":{"line":18,"column":18}},"7":{"start":{"line":21,"column":0},"end":{"line":null,"column":-1}},"8":{"start":{"line":5,"column":13},"end":{"line":5,"column":16}}},"fnMap":{"0":{"name":"(anonymous_0)","decl":{"start":{"line":5,"column":0},"end":{"line":null,"column":-1}},"loc":{"start":{"line":5,"column":0},"end":{"line":null,"column":-1}}},"1":{"name":"App","decl":{"start":{"line":5,"column":0},"end":{"line":21,"column":-1}},"loc":{"start":{"line":21,"column":0},"end":{"line":21,"column":1}}},"2":{"name":"(anonymous_2)","decl":{"start":{"line":8,"column":2},"end":{"line":8,"column":24}},"loc":{"start":{"line":8,"column":54},"end":{"line":20,"column":3}}}},"branchMap":{},"s":{"0":1,"1":1,"2":1,"3":4,"4":4,"5":4,"6":0,"7":1,"8":1},"f":{"0":1,"1":4,"2":4},"b":{}}
,"/Users/AndrewThurgood/Development/AndyThurgood_InfinityWorks/Client/src/authority.ts": {"path":"/Users/AndrewThurgood/Development/AndyThurgood_InfinityWorks/Client/src/authority.ts","statementMap":{"0":{"start":{"line":2,"column":0},"end":{"line":null,"column":-1}},"1":{"start":{"line":5,"column":8},"end":{"line":5,"column":30}},"2":{"start":{"line":6,"column":8},"end":{"line":6,"column":49}},"3":{"start":{"line":7,"column":8},"end":{"line":7,"column":43}},"4":{"start":{"line":13,"column":0},"end":{"line":null,"column":-1}}},"fnMap":{"0":{"name":"(anonymous_0)","decl":{"start":{"line":2,"column":0},"end":{"line":null,"column":-1}},"loc":{"start":{"line":2,"column":0},"end":{"line":null,"column":-1}}},"1":{"name":"Authority","decl":{"start":{"line":4,"column":4},"end":{"line":4,"column":15}},"loc":{"start":{"line":4,"column":16},"end":{"line":8,"column":5}}}},"branchMap":{},"s":{"0":5,"1":13,"2":13,"3":13,"4":5},"f":{"0":5,"1":13},"b":{}}
,"/Users/AndrewThurgood/Development/AndyThurgood_InfinityWorks/Client/src/authorityReport.ts": {"path":"/Users/AndrewThurgood/Development/AndyThurgood_InfinityWorks/Client/src/authorityReport.ts","statementMap":{"0":{"start":{"line":5,"column":0},"end":{"line":null,"column":-1}},"1":{"start":{"line":6,"column":4},"end":{"line":15,"column":4}},"2":{"start":{"line":18,"column":11},"end":{"line":18,"column":21}},"3":{"start":{"line":7,"column":8},"end":{"line":14,"column":9}},"4":{"start":{"line":8,"column":12},"end":{"line":8,"column":54}},"5":{"start":{"line":9,"column":12},"end":{"line":9,"column":31}},"6":{"start":{"line":10,"column":12},"end":{"line":13,"column":13}},"7":{"start":{"line":11,"column":16},"end":{"line":11,"column":76}},"8":{"start":{"line":11,"column":69},"end":{"line":11,"column":73}},"9":{"start":{"line":12,"column":16},"end":{"line":12,"column":34}},"10":{"start":{"line":19,"column":0},"end":{"line":null,"column":-1}},"11":{"start":{"line":2,"column":0},"end":{"line":null,"column":-1}},"12":{"start":{"line":10,"column":11},"end":{"line":10,"column":21}},"13":{"start":{"line":4,"column":7},"end":{"line":4,"column":49}},"14":{"start":{"line":5,"column":7},"end":{"line":5,"column":57}},"15":{"start":{"line":6,"column":7},"end":{"line":6,"column":38}},"16":{"start":{"line":11,"column":0},"end":{"line":null,"column":-1}}},"fnMap":{"0":{"name":"(anonymous_0)","decl":{"start":{"line":5,"column":0},"end":{"line":null,"column":-1}},"loc":{"start":{"line":5,"column":0},"end":{"line":null,"column":-1}}},"1":{"name":"AuthorityReport","decl":{"start":{"line":6,"column":4},"end":{"line":6,"column":15}},"loc":{"start":{"line":6,"column":75},"end":{"line":15,"column":5}}},"2":{"name":"(anonymous_2)","decl":{"start":{"line":10,"column":29},"end":{"line":10,"column":28}},"loc":{"start":{"line":10,"column":29},"end":{"line":13,"column":13}}},"3":{"name":"(anonymous_3)","decl":{"start":{"line":11,"column":69},"end":{"line":11,"column":68}},"loc":{"start":{"line":11,"column":69},"end":{"line":11,"column":73}}},"4":{"name":"(anonymous_0)","decl":{"start":{"line":2,"column":0},"end":{"line":null,"column":-1}},"loc":{"start":{"line":2,"column":0},"end":{"line":null,"column":-1}}},"5":{"name":"AuthorityReport","decl":{"start":{"line":3,"column":4},"end":{"line":3,"column":15}},"loc":{"start":{"line":3,"column":16},"end":{"line":7,"column":5}}}},"branchMap":{"0":{"loc":{"start":{"line":7,"column":8},"end":{"line":14,"column":9}},"type":"if","locations":[{"start":{"line":7,"column":8},"end":{"line":14,"column":9}},{"start":{"line":7,"column":8},"end":{"line":14,"column":9}}]}},"s":{"0":2,"1":4,"2":4,"3":4,"4":4,"5":4,"6":4,"7":36,"8":144,"9":36,"10":2,"11":2,"12":2,"13":2,"14":2,"15":2,"16":2},"f":{"0":2,"1":4,"2":36,"3":144,"4":2,"5":2},"b":{"0":[4,0]}}
,"/Users/AndrewThurgood/Development/AndyThurgood_InfinityWorks/Client/src/establishment.ts": {"path":"/Users/AndrewThurgood/Development/AndyThurgood_InfinityWorks/Client/src/establishment.ts","statementMap":{"0":{"start":{"line":2,"column":0},"end":{"line":null,"column":-1}},"1":{"start":{"line":4,"column":4},"end":{"line":4,"column":30}},"2":{"start":{"line":5,"column":4},"end":{"line":5,"column":35}},"3":{"start":{"line":10,"column":0},"end":{"line":null,"column":-1}}},"fnMap":{"0":{"name":"(anonymous_0)","decl":{"start":{"line":2,"column":0},"end":{"line":null,"column":-1}},"loc":{"start":{"line":2,"column":0},"end":{"line":null,"column":-1}}},"1":{"name":"Establishment","decl":{"start":{"line":3,"column":0},"end":{"line":3,"column":11}},"loc":{"start":{"line":3,"column":12},"end":{"line":6,"column":1}}}},"branchMap":{},"s":{"0":4,"1":20,"2":20,"3":4},"f":{"0":4,"1":20},"b":{}}
,"/Users/AndrewThurgood/Development/AndyThurgood_InfinityWorks/Client/src/index.ts": {"path":"/Users/AndrewThurgood/Development/AndyThurgood_InfinityWorks/Client/src/index.ts","statementMap":{"0":{"start":{"line":1,"column":0},"end":{"line":1,"column":42}},"1":{"start":{"line":2,"column":0},"end":{"line":2,"column":66}},"2":{"start":{"line":3,"column":0},"end":{"line":3,"column":60}},"3":{"start":{"line":4,"column":0},"end":{"line":4,"column":54}},"4":{"start":{"line":10,"column":0},"end":{"line":null,"column":-1}},"5":{"start":{"line":22,"column":11},"end":{"line":22,"column":36}},"6":{"start":{"line":17,"column":8},"end":{"line":17,"column":36}},"7":{"start":{"line":18,"column":8},"end":{"line":18,"column":33}},"8":{"start":{"line":27,"column":11},"end":{"line":29,"column":5}},"9":{"start":{"line":28,"column":8},"end":{"line":28,"column":20}},"10":{"start":{"line":32,"column":11},"end":{"line":34,"column":5}},"11":{"start":{"line":33,"column":8},"end":{"line":33,"column":20}},"12":{"start":{"line":36,"column":11},"end":{"line":38,"column":5}},"13":{"start":{"line":37,"column":8},"end":{"line":37,"column":58}},"14":{"start":{"line":41,"column":12},"end":{"line":51,"column":5}},"15":{"start":{"line":41,"column":4},"end":{"line":51,"column":4}},"16":{"start":{"line":42,"column":8},"end":{"line":50,"column":9}},"17":{"start":{"line":44,"column":60},"end":{"line":44,"column":71}},"18":{"start":{"line":45,"column":56},"end":{"line":45,"column":67}},"19":{"start":{"line":49,"column":12},"end":{"line":49,"column":26}},"20":{"start":{"line":54,"column":12},"end":{"line":65,"column":5}},"21":{"start":{"line":54,"column":4},"end":{"line":65,"column":4}},"22":{"start":{"line":55,"column":8},"end":{"line":64,"column":9}},"23":{"start":{"line":56,"column":12},"end":{"line":56,"column":33}},"24":{"start":{"line":57,"column":12},"end":{"line":57,"column":19}},"25":{"start":{"line":58,"column":16},"end":{"line":58,"column":159}},"26":{"start":{"line":59,"column":16},"end":{"line":59,"column":37}},"27":{"start":{"line":63,"column":12},"end":{"line":63,"column":24}},"28":{"start":{"line":68,"column":12},"end":{"line":70,"column":5}},"29":{"start":{"line":69,"column":8},"end":{"line":69,"column":35}},"30":{"start":{"line":69,"column":35},"end":{"line":69,"column":44}},"31":{"start":{"line":10,"column":13},"end":{"line":null,"column":-1}},"32":{"start":{"line":71,"column":0},"end":{"line":71,"column":1}},"33":{"start":{"line":10,"column":13},"end":{"line":10,"column":18}},"34":{"start":{"line":9,"column":0},"end":{"line":null,"column":-1}},"35":{"start":{"line":20,"column":11},"end":{"line":20,"column":36}},"36":{"start":{"line":15,"column":8},"end":{"line":15,"column":36}},"37":{"start":{"line":16,"column":8},"end":{"line":16,"column":33}},"38":{"start":{"line":25,"column":4},"end":{"line":27,"column":5}},"39":{"start":{"line":26,"column":8},"end":{"line":26,"column":20}},"40":{"start":{"line":30,"column":4},"end":{"line":32,"column":5}},"41":{"start":{"line":31,"column":8},"end":{"line":31,"column":20}},"42":{"start":{"line":34,"column":11},"end":{"line":36,"column":5}},"43":{"start":{"line":35,"column":6},"end":{"line":35,"column":56}},"44":{"start":{"line":39,"column":12},"end":{"line":41,"column":5}},"45":{"start":{"line":39,"column":4},"end":{"line":41,"column":4}},"46":{"start":{"line":40,"column":8},"end":{"line":40,"column":63}},"47":{"start":{"line":40,"column":63},"end":{"line":40,"column":74}},"48":{"start":{"line":44,"column":12},"end":{"line":54,"column":5}},"49":{"start":{"line":44,"column":4},"end":{"line":54,"column":4}},"50":{"start":{"line":45,"column":8},"end":{"line":53,"column":9}},"51":{"start":{"line":46,"column":12},"end":{"line":46,"column":33}},"52":{"start":{"line":47,"column":12},"end":{"line":47,"column":19}},"53":{"start":{"line":48,"column":16},"end":{"line":48,"column":59}},"54":{"start":{"line":49,"column":16},"end":{"line":49,"column":37}},"55":{"start":{"line":52,"column":12},"end":{"line":52,"column":24}},"56":{"start":{"line":9,"column":13},"end":{"line":null,"column":-1}},"57":{"start":{"line":55,"column":0},"end":{"line":55,"column":1}},"58":{"start":{"line":9,"column":13},"end":{"line":9,"column":18}}},"fnMap":{"0":{"name":"(anonymous_2)","decl":{"start":{"line":10,"column":0},"end":{"line":null,"column":-1}},"loc":{"start":{"line":10,"column":0},"end":{"line":null,"column":-1}}},"1":{"name":"Index","decl":{"start":{"line":16,"column":4},"end":{"line":16,"column":15}},"loc":{"start":{"line":16,"column":38},"end":{"line":19,"column":5}}},"2":{"name":"(anonymous_4)","decl":{"start":{"line":27,"column":4},"end":{"line":null,"column":-1}},"loc":{"start":{"line":27,"column":4},"end":{"line":29,"column":5}}},"3":{"name":"(anonymous_5)","decl":{"start":{"line":32,"column":4},"end":{"line":32,"column":25}},"loc":{"start":{"line":32,"column":26},"end":{"line":34,"column":5}}},"4":{"name":"(anonymous_6)","decl":{"start":{"line":36,"column":4},"end":{"line":36,"column":20}},"loc":{"start":{"line":36,"column":21},"end":{"line":38,"column":5}}},"5":{"name":"(anonymous_7)","decl":{"start":{"line":41,"column":4},"end":{"line":null,"column":-1}},"loc":{"start":{"line":41,"column":4},"end":{"line":51,"column":5}}},"6":{"name":"(anonymous_8)","decl":{"start":{"line":44,"column":60},"end":{"line":44,"column":59}},"loc":{"start":{"line":44,"column":60},"end":{"line":44,"column":71}}},"7":{"name":"(anonymous_9)","decl":{"start":{"line":45,"column":56},"end":{"line":45,"column":55}},"loc":{"start":{"line":45,"column":56},"end":{"line":45,"column":67}}},"8":{"name":"(anonymous_10)","decl":{"start":{"line":54,"column":4},"end":{"line":null,"column":-1}},"loc":{"start":{"line":54,"column":4},"end":{"line":65,"column":5}}},"9":{"name":"(anonymous_11)","decl":{"start":{"line":57,"column":106},"end":{"line":57,"column":105}},"loc":{"start":{"line":57,"column":106},"end":{"line":57,"column":19}}},"10":{"name":"(anonymous_12)","decl":{"start":{"line":68,"column":4},"end":{"line":68,"column":26}},"loc":{"start":{"line":68,"column":27},"end":{"line":70,"column":5}}},"11":{"name":"(anonymous_13)","decl":{"start":{"line":69,"column":35},"end":{"line":69,"column":34}},"loc":{"start":{"line":69,"column":35},"end":{"line":69,"column":44}}},"12":{"name":"(anonymous_2)","decl":{"start":{"line":9,"column":0},"end":{"line":null,"column":-1}},"loc":{"start":{"line":9,"column":0},"end":{"line":null,"column":-1}}},"13":{"name":"Index","decl":{"start":{"line":14,"column":4},"end":{"line":14,"column":15}},"loc":{"start":{"line":14,"column":38},"end":{"line":17,"column":5}}},"14":{"name":"(anonymous_4)","decl":{"start":{"line":25,"column":4},"end":{"line":null,"column":-1}},"loc":{"start":{"line":25,"column":4},"end":{"line":27,"column":5}}},"15":{"name":"(anonymous_5)","decl":{"start":{"line":30,"column":4},"end":{"line":30,"column":18}},"loc":{"start":{"line":30,"column":19},"end":{"line":32,"column":5}}},"16":{"name":"(anonymous_6)","decl":{"start":{"line":34,"column":4},"end":{"line":34,"column":20}},"loc":{"start":{"line":34,"column":21},"end":{"line":36,"column":5}}},"17":{"name":"(anonymous_7)","decl":{"start":{"line":39,"column":4},"end":{"line":null,"column":-1}},"loc":{"start":{"line":39,"column":4},"end":{"line":41,"column":5}}},"18":{"name":"(anonymous_8)","decl":{"start":{"line":40,"column":63},"end":{"line":40,"column":62}},"loc":{"start":{"line":40,"column":63},"end":{"line":40,"column":74}}},"19":{"name":"(anonymous_9)","decl":{"start":{"line":44,"column":4},"end":{"line":null,"column":-1}},"loc":{"start":{"line":44,"column":4},"end":{"line":54,"column":5}}},"20":{"name":"(anonymous_10)","decl":{"start":{"line":47,"column":146},"end":{"line":47,"column":145}},"loc":{"start":{"line":47,"column":146},"end":{"line":47,"column":19}}}},"branchMap":{},"s":{"0":2,"1":2,"2":2,"3":2,"4":1,"5":2,"6":2,"7":2,"8":1,"9":1,"10":1,"11":1,"12":1,"13":0,"14":1,"15":1,"16":1,"17":1,"18":1,"19":0,"20":1,"21":1,"22":1,"23":1,"24":1,"25":1,"26":1,"27":0,"28":1,"29":1,"30":9,"31":1,"32":1,"33":1,"34":1,"35":2,"36":2,"37":2,"38":1,"39":1,"40":1,"41":1,"42":1,"43":0,"44":1,"45":1,"46":1,"47":1,"48":1,"49":1,"50":1,"51":1,"52":1,"53":1,"54":1,"55":0,"56":1,"57":1,"58":1},"f":{"0":1,"1":2,"2":1,"3":1,"4":0,"5":1,"6":1,"7":1,"8":1,"9":1,"10":1,"11":9,"12":1,"13":2,"14":1,"15":1,"16":0,"17":1,"18":1,"19":1,"20":1},"b":{}}
,"/Users/AndrewThurgood/Development/AndyThurgood_InfinityWorks/Client/src/rating.ts": {"path":"/Users/AndrewThurgood/Development/AndyThurgood_InfinityWorks/Client/src/rating.ts","statementMap":{"0":{"start":{"line":3,"column":0},"end":{"line":null,"column":-1}},"1":{"start":{"line":7,"column":8},"end":{"line":7,"column":20}},"2":{"start":{"line":8,"column":8},"end":{"line":8,"column":25}},"3":{"start":{"line":9,"column":8},"end":{"line":9,"column":33}},"4":{"start":{"line":16,"column":11},"end":{"line":18,"column":5}},"5":{"start":{"line":17,"column":8},"end":{"line":17,"column":39}},"6":{"start":{"line":19,"column":0},"end":{"line":null,"column":-1}}},"fnMap":{"0":{"name":"(anonymous_0)","decl":{"start":{"line":3,"column":0},"end":{"line":null,"column":-1}},"loc":{"start":{"line":3,"column":0},"end":{"line":null,"column":-1}}},"1":{"name":"Rating","decl":{"start":{"line":6,"column":4},"end":{"line":6,"column":15}},"loc":{"start":{"line":6,"column":49},"end":{"line":10,"column":5}}},"2":{"name":"(anonymous_2)","decl":{"start":{"line":16,"column":4},"end":{"line":null,"column":-1}},"loc":{"start":{"line":16,"column":4},"end":{"line":18,"column":5}}}},"branchMap":{},"s":{"0":4,"1":71,"2":71,"3":71,"4":4,"5":2,"6":4},"f":{"0":4,"1":71,"2":2},"b":{}}
,"/Users/AndrewThurgood/Development/AndyThurgood_InfinityWorks/Client/src/referenceDataService.ts": {"path":"/Users/AndrewThurgood/Development/AndyThurgood_InfinityWorks/Client/src/referenceDataService.ts","statementMap":{"0":{"start":{"line":2,"column":6},"end":{"line":3,"column":30}},"1":{"start":{"line":6,"column":0},"end":{"line":6,"column":38}},"2":{"start":{"line":7,"column":0},"end":{"line":7,"column":42}},"3":{"start":{"line":8,"column":0},"end":{"line":8,"column":37}},"4":{"start":{"line":9,"column":0},"end":{"line":9,"column":42}},"5":{"start":{"line":13,"column":0},"end":{"line":null,"column":-1}},"6":{"start":{"line":17,"column":8},"end":{"line":17,"column":27}},"7":{"start":{"line":21,"column":11},"end":{"line":27,"column":5}},"8":{"start":{"line":22,"column":8},"end":{"line":22,"column":15}},"9":{"start":{"line":23,"column":14},"end":{"line":23,"column":35}},"10":{"start":{"line":25,"column":16},"end":{"line":25,"column":28}},"11":{"start":{"line":34,"column":11},"end":{"line":53,"column":5}},"12":{"start":{"line":13,"column":21},"end":{"line":null,"column":-1}},"13":{"start":{"line":54,"column":0},"end":{"line":54,"column":1}},"14":{"start":{"line":1,"column":0},"end":{"line":1,"column":38}},"15":{"start":{"line":2,"column":0},"end":{"line":2,"column":42}},"16":{"start":{"line":6,"column":0},"end":{"line":null,"column":-1}},"17":{"start":{"line":10,"column":8},"end":{"line":10,"column":27}},"18":{"start":{"line":14,"column":11},"end":{"line":20,"column":5}},"19":{"start":{"line":15,"column":8},"end":{"line":15,"column":15}},"20":{"start":{"line":16,"column":14},"end":{"line":16,"column":27}},"21":{"start":{"line":18,"column":16},"end":{"line":18,"column":28}},"22":{"start":{"line":6,"column":21},"end":{"line":null,"column":-1}},"23":{"start":{"line":21,"column":0},"end":{"line":21,"column":1}}},"fnMap":{"0":{"name":"(anonymous_3)","decl":{"start":{"line":13,"column":0},"end":{"line":null,"column":-1}},"loc":{"start":{"line":13,"column":0},"end":{"line":null,"column":-1}}},"1":{"name":"ReferenceDataService","decl":{"start":{"line":16,"column":4},"end":{"line":16,"column":15}},"loc":{"start":{"line":16,"column":16},"end":{"line":18,"column":5}}},"2":{"name":"(anonymous_5)","decl":{"start":{"line":21,"column":4},"end":{"line":null,"column":-1}},"loc":{"start":{"line":21,"column":4},"end":{"line":27,"column":5}}},"3":{"name":"(anonymous_6)","decl":{"start":{"line":23,"column":14},"end":{"line":23,"column":13}},"loc":{"start":{"line":23,"column":14},"end":{"line":23,"column":35}}},"4":{"name":"(anonymous_7)","decl":{"start":{"line":23,"column":14},"end":{"line":23,"column":25}},"loc":{"start":{"line":23,"column":14},"end":{"line":23,"column":35}}},"5":{"name":"(anonymous_8)","decl":{"start":{"line":24,"column":19},"end":{"line":24,"column":18}},"loc":{"start":{"line":24,"column":19},"end":{"line":22,"column":15}}},"6":{"name":"(anonymous_9)","decl":{"start":{"line":34,"column":4},"end":{"line":null,"column":-1}},"loc":{"start":{"line":34,"column":4},"end":{"line":53,"column":5}}},"7":{"name":"(anonymous_2)","decl":{"start":{"line":6,"column":0},"end":{"line":null,"column":-1}},"loc":{"start":{"line":6,"column":0},"end":{"line":null,"column":-1}}},"8":{"name":"ReferenceDataService","decl":{"start":{"line":9,"column":4},"end":{"line":9,"column":15}},"loc":{"start":{"line":9,"column":16},"end":{"line":11,"column":5}}},"9":{"name":"(anonymous_4)","decl":{"start":{"line":14,"column":4},"end":{"line":null,"column":-1}},"loc":{"start":{"line":14,"column":4},"end":{"line":20,"column":5}}},"10":{"name":"(anonymous_5)","decl":{"start":{"line":16,"column":14},"end":{"line":16,"column":13}},"loc":{"start":{"line":16,"column":14},"end":{"line":16,"column":27}}},"11":{"name":"(anonymous_6)","decl":{"start":{"line":17,"column":19},"end":{"line":17,"column":18}},"loc":{"start":{"line":17,"column":19},"end":{"line":15,"column":15}}}},"branchMap":{},"s":{"0":2,"1":2,"2":2,"3":2,"4":2,"5":2,"6":2,"7":2,"8":1,"9":4,"10":0,"11":2,"12":2,"13":2,"14":2,"15":2,"16":2,"17":1,"18":2,"19":1,"20":1,"21":0,"22":2,"23":2},"f":{"0":2,"1":2,"2":1,"3":1,"4":3,"5":0,"6":1,"7":2,"8":1,"9":1,"10":1,"11":0},"b":{}}
,"/Users/AndrewThurgood/Development/AndyThurgood_InfinityWorks/Client/src/reportDataService.ts": {"path":"/Users/AndrewThurgood/Development/AndyThurgood_InfinityWorks/Client/src/reportDataService.ts","statementMap":{"0":{"start":{"line":2,"column":6},"end":{"line":3,"column":30}},"1":{"start":{"line":6,"column":0},"end":{"line":6,"column":38}},"2":{"start":{"line":7,"column":0},"end":{"line":7,"column":42}},"3":{"start":{"line":8,"column":0},"end":{"line":8,"column":50}},"4":{"start":{"line":12,"column":0},"end":{"line":null,"column":-1}},"5":{"start":{"line":16,"column":8},"end":{"line":16,"column":27}},"6":{"start":{"line":20,"column":11},"end":{"line":26,"column":5}},"7":{"start":{"line":21,"column":8},"end":{"line":21,"column":15}},"8":{"start":{"line":22,"column":18},"end":{"line":22,"column":39}},"9":{"start":{"line":24,"column":16},"end":{"line":24,"column":28}},"10":{"start":{"line":12,"column":21},"end":{"line":null,"column":-1}},"11":{"start":{"line":27,"column":0},"end":{"line":27,"column":1}},"12":{"start":{"line":1,"column":0},"end":{"line":1,"column":38}},"13":{"start":{"line":2,"column":0},"end":{"line":2,"column":42}},"14":{"start":{"line":6,"column":0},"end":{"line":null,"column":-1}},"15":{"start":{"line":10,"column":8},"end":{"line":10,"column":27}},"16":{"start":{"line":14,"column":11},"end":{"line":20,"column":5}},"17":{"start":{"line":15,"column":8},"end":{"line":15,"column":15}},"18":{"start":{"line":16,"column":14},"end":{"line":16,"column":27}},"19":{"start":{"line":18,"column":16},"end":{"line":18,"column":28}},"20":{"start":{"line":6,"column":21},"end":{"line":null,"column":-1}},"21":{"start":{"line":21,"column":0},"end":{"line":21,"column":1}}},"fnMap":{"0":{"name":"(anonymous_3)","decl":{"start":{"line":12,"column":0},"end":{"line":null,"column":-1}},"loc":{"start":{"line":12,"column":0},"end":{"line":null,"column":-1}}},"1":{"name":"ReportDataService","decl":{"start":{"line":15,"column":4},"end":{"line":15,"column":15}},"loc":{"start":{"line":15,"column":16},"end":{"line":17,"column":5}}},"2":{"name":"(anonymous_5)","decl":{"start":{"line":20,"column":4},"end":{"line":20,"column":28}},"loc":{"start":{"line":20,"column":29},"end":{"line":26,"column":5}}},"3":{"name":"(anonymous_6)","decl":{"start":{"line":22,"column":18},"end":{"line":22,"column":17}},"loc":{"start":{"line":22,"column":18},"end":{"line":22,"column":39}}},"4":{"name":"(anonymous_7)","decl":{"start":{"line":22,"column":18},"end":{"line":22,"column":29}},"loc":{"start":{"line":22,"column":18},"end":{"line":22,"column":39}}},"5":{"name":"(anonymous_8)","decl":{"start":{"line":23,"column":19},"end":{"line":23,"column":18}},"loc":{"start":{"line":23,"column":19},"end":{"line":21,"column":15}}},"6":{"name":"(anonymous_2)","decl":{"start":{"line":6,"column":0},"end":{"line":null,"column":-1}},"loc":{"start":{"line":6,"column":0},"end":{"line":null,"column":-1}}},"7":{"name":"ReportDataService","decl":{"start":{"line":9,"column":4},"end":{"line":9,"column":15}},"loc":{"start":{"line":9,"column":16},"end":{"line":11,"column":5}}},"8":{"name":"(anonymous_4)","decl":{"start":{"line":14,"column":4},"end":{"line":14,"column":33}},"loc":{"start":{"line":14,"column":55},"end":{"line":20,"column":5}}},"9":{"name":"(anonymous_5)","decl":{"start":{"line":16,"column":14},"end":{"line":16,"column":13}},"loc":{"start":{"line":16,"column":14},"end":{"line":16,"column":27}}},"10":{"name":"(anonymous_6)","decl":{"start":{"line":17,"column":19},"end":{"line":17,"column":18}},"loc":{"start":{"line":17,"column":19},"end":{"line":15,"column":15}}}},"branchMap":{},"s":{"0":2,"1":2,"2":2,"3":2,"4":2,"5":1,"6":2,"7":1,"8":4,"9":0,"10":2,"11":2,"12":2,"13":2,"14":2,"15":1,"16":2,"17":1,"18":1,"19":0,"20":2,"21":2},"f":{"0":2,"1":1,"2":1,"3":1,"4":3,"5":0,"6":2,"7":1,"8":1,"9":1,"10":0},"b":{}}
}
