TN:
SF:/Users/AndrewThurgood/Development/AndyThurgood_InfinityWorks/Client/src/app.ts
FN:5,(anonymous_0)
FN:5,App
FN:8,(anonymous_2)
FNF:3
FNH:3
FNDA:1,(anonymous_0)
FNDA:4,App
FNDA:4,(anonymous_2)
DA:2,1
DA:5,1
DA:8,1
DA:9,4
DA:10,4
DA:15,4
DA:18,0
DA:21,1
LF:8
LH:7
BRF:0
BRH:0
end_of_record
TN:
SF:/Users/AndrewThurgood/Development/AndyThurgood_InfinityWorks/Client/src/authority.ts
FN:2,(anonymous_0)
FN:4,Authority
FNF:2
FNH:2
FNDA:5,(anonymous_0)
FNDA:13,Authority
DA:2,5
DA:5,13
DA:6,13
DA:7,13
DA:13,5
LF:5
LH:5
BRF:0
BRH:0
end_of_record
TN:
SF:/Users/AndrewThurgood/Development/AndyThurgood_InfinityWorks/Client/src/authorityReport.ts
FN:5,(anonymous_0)
FN:6,AuthorityReport
FN:10,(anonymous_2)
FN:11,(anonymous_3)
FN:2,(anonymous_0)
FN:3,AuthorityReport
FNF:6
FNH:6
FNDA:2,(anonymous_0)
FNDA:4,AuthorityReport
FNDA:36,(anonymous_2)
FNDA:144,(anonymous_3)
FNDA:2,(anonymous_0)
FNDA:2,AuthorityReport
DA:2,2
DA:4,2
DA:5,2
DA:6,4
DA:7,4
DA:8,4
DA:9,4
DA:10,4
DA:11,144
DA:12,36
DA:18,4
DA:19,2
LF:12
LH:12
BRDA:7,0,0,4
BRDA:7,0,1,0
BRF:2
BRH:1
end_of_record
TN:
SF:/Users/AndrewThurgood/Development/AndyThurgood_InfinityWorks/Client/src/establishment.ts
FN:2,(anonymous_0)
FN:3,Establishment
FNF:2
FNH:2
FNDA:4,(anonymous_0)
FNDA:20,Establishment
DA:2,4
DA:4,20
DA:5,20
DA:10,4
LF:4
LH:4
BRF:0
BRH:0
end_of_record
TN:
SF:/Users/AndrewThurgood/Development/AndyThurgood_InfinityWorks/Client/src/index.ts
FN:10,(anonymous_2)
FN:16,Index
FN:27,(anonymous_4)
FN:32,(anonymous_5)
FN:36,(anonymous_6)
FN:41,(anonymous_7)
FN:44,(anonymous_8)
FN:45,(anonymous_9)
FN:54,(anonymous_10)
FN:57,(anonymous_11)
FN:68,(anonymous_12)
FN:69,(anonymous_13)
FN:9,(anonymous_2)
FN:14,Index
FN:25,(anonymous_4)
FN:30,(anonymous_5)
FN:34,(anonymous_6)
FN:39,(anonymous_7)
FN:40,(anonymous_8)
FN:44,(anonymous_9)
FN:47,(anonymous_10)
FNF:21
FNH:19
FNDA:1,(anonymous_2)
FNDA:2,Index
FNDA:1,(anonymous_4)
FNDA:1,(anonymous_5)
FNDA:0,(anonymous_6)
FNDA:1,(anonymous_7)
FNDA:1,(anonymous_8)
FNDA:1,(anonymous_9)
FNDA:1,(anonymous_10)
FNDA:1,(anonymous_11)
FNDA:1,(anonymous_12)
FNDA:9,(anonymous_13)
FNDA:1,(anonymous_2)
FNDA:2,Index
FNDA:1,(anonymous_4)
FNDA:1,(anonymous_5)
FNDA:0,(anonymous_6)
FNDA:1,(anonymous_7)
FNDA:1,(anonymous_8)
FNDA:1,(anonymous_9)
FNDA:1,(anonymous_10)
DA:1,2
DA:2,2
DA:3,2
DA:4,2
DA:9,1
DA:10,1
DA:15,2
DA:16,2
DA:17,2
DA:18,2
DA:20,2
DA:22,2
DA:25,1
DA:26,1
DA:27,1
DA:28,1
DA:30,1
DA:31,1
DA:32,1
DA:33,1
DA:34,1
DA:35,0
DA:36,1
DA:37,0
DA:39,1
DA:40,1
DA:41,1
DA:42,1
DA:44,1
DA:45,1
DA:46,1
DA:47,1
DA:48,1
DA:49,1
DA:52,0
DA:54,1
DA:55,1
DA:56,1
DA:57,1
DA:58,1
DA:59,1
DA:63,0
DA:68,1
DA:69,9
DA:71,1
LF:45
LH:41
BRF:0
BRH:0
end_of_record
TN:
SF:/Users/AndrewThurgood/Development/AndyThurgood_InfinityWorks/Client/src/rating.ts
FN:3,(anonymous_0)
FN:6,Rating
FN:16,(anonymous_2)
FNF:3
FNH:3
FNDA:4,(anonymous_0)
FNDA:71,Rating
FNDA:2,(anonymous_2)
DA:3,4
DA:7,71
DA:8,71
DA:9,71
DA:16,4
DA:17,2
DA:19,4
LF:7
LH:7
BRF:0
BRH:0
end_of_record
TN:
SF:/Users/AndrewThurgood/Development/AndyThurgood_InfinityWorks/Client/src/referenceDataService.ts
FN:13,(anonymous_3)
FN:16,ReferenceDataService
FN:21,(anonymous_5)
FN:23,(anonymous_6)
FN:23,(anonymous_7)
FN:24,(anonymous_8)
FN:34,(anonymous_9)
FN:6,(anonymous_2)
FN:9,ReferenceDataService
FN:14,(anonymous_4)
FN:16,(anonymous_5)
FN:17,(anonymous_6)
FNF:12
FNH:10
FNDA:2,(anonymous_3)
FNDA:2,ReferenceDataService
FNDA:1,(anonymous_5)
FNDA:1,(anonymous_6)
FNDA:3,(anonymous_7)
FNDA:0,(anonymous_8)
FNDA:1,(anonymous_9)
FNDA:2,(anonymous_2)
FNDA:1,ReferenceDataService
FNDA:1,(anonymous_4)
FNDA:1,(anonymous_5)
FNDA:0,(anonymous_6)
DA:1,2
DA:2,2
DA:6,2
DA:7,2
DA:8,2
DA:9,2
DA:10,1
DA:13,2
DA:14,2
DA:15,1
DA:16,1
DA:17,2
DA:18,0
DA:21,2
DA:22,1
DA:23,4
DA:25,0
DA:34,2
DA:54,2
LF:19
LH:17
BRF:0
BRH:0
end_of_record
TN:
SF:/Users/AndrewThurgood/Development/AndyThurgood_InfinityWorks/Client/src/reportDataService.ts
FN:12,(anonymous_3)
FN:15,ReportDataService
FN:20,(anonymous_5)
FN:22,(anonymous_6)
FN:22,(anonymous_7)
FN:23,(anonymous_8)
FN:6,(anonymous_2)
FN:9,ReportDataService
FN:14,(anonymous_4)
FN:16,(anonymous_5)
FN:17,(anonymous_6)
FNF:11
FNH:9
FNDA:2,(anonymous_3)
FNDA:1,ReportDataService
FNDA:1,(anonymous_5)
FNDA:1,(anonymous_6)
FNDA:3,(anonymous_7)
FNDA:0,(anonymous_8)
FNDA:2,(anonymous_2)
FNDA:1,ReportDataService
FNDA:1,(anonymous_4)
FNDA:1,(anonymous_5)
FNDA:0,(anonymous_6)
DA:1,2
DA:2,2
DA:6,2
DA:7,2
DA:8,2
DA:10,1
DA:12,2
DA:14,2
DA:15,1
DA:16,1
DA:18,0
DA:20,2
DA:21,2
DA:22,4
DA:24,0
DA:27,2
LF:16
LH:14
BRF:0
BRH:0
end_of_record
